build/app/intermediates/manifest_merge_blame_file/debug/manifest-merger-blame-debug-report.txt
1<?xml version="1.0" encoding="utf-8"?>
2<manifest xmlns:android="http://schemas.android.com/apk/res/android"
3    package="com.example.chatapp_firebase"
4    android:versionCode="1"
5    android:versionName="1.0.0" >
6
7    <uses-sdk
8        android:minSdkVersion="21"
9        android:targetSdkVersion="33" />
10    <!--
11         The INTERNET permission is required for development. Specifically,
12         the Flutter tool needs it to communicate with the running application
13         to allow setting breakpoints, to provide hot reload, etc.
14    -->
15    <uses-permission android:name="android.permission.INTERNET" />
15-->src\debug\AndroidManifest.xml:7:5-66
15-->src\debug\AndroidManifest.xml:7:22-64
16    <!-- 读取权限 -->
17    <uses-permission android:name="android.permission.READ_EXTERNAL_STORAGE" /> <!-- 写权限 -->
17-->[:record_mp3] AndroidManifest.xml:10:5-80
17-->[:record_mp3] AndroidManifest.xml:10:22-77
18    <uses-permission android:name="android.permission.WRITE_EXTERNAL_STORAGE" /> <!-- 保持进程在休眠时从屏幕消失 -->
18-->[:record_mp3] AndroidManifest.xml:12:5-81
18-->[:record_mp3] AndroidManifest.xml:12:22-78
19    <uses-permission android:name="android.permission.WAKE_LOCK" /> <!-- 允许程序录制音频 -->
19-->[:record_mp3] AndroidManifest.xml:14:5-68
19-->[:record_mp3] AndroidManifest.xml:14:22-65
20    <uses-permission android:name="android.permission.RECORD_AUDIO" /> <!-- 内外置sd卡写权限 -->
20-->[:record_mp3] AndroidManifest.xml:16:5-71
20-->[:record_mp3] AndroidManifest.xml:16:22-68
21    <uses-permission android:name="android.permission.WRITE_EXTERNAL_STORAGE" /> <!-- 允许程序修改全局音频设置 -->
21-->[:record_mp3] AndroidManifest.xml:12:5-81
21-->[:record_mp3] AndroidManifest.xml:12:22-78
22    <uses-permission android:name="android.permission.MODIFY_AUDIO_SETTINGS" />
22-->[:record_mp3] AndroidManifest.xml:20:5-80
22-->[:record_mp3] AndroidManifest.xml:20:22-77
23    <uses-permission android:name="android.permission.ACCESS_NETWORK_STATE" />
23-->[com.google.firebase:firebase-auth:21.3.0] AndroidManifest.xml:26:5-79
23-->[com.google.firebase:firebase-auth:21.3.0] AndroidManifest.xml:26:22-76
24    <uses-permission android:name="com.google.android.gms.permission.AD_ID" />
24-->[com.google.android.gms:play-services-measurement-api:21.2.2] AndroidManifest.xml:25:5-79
24-->[com.google.android.gms:play-services-measurement-api:21.2.2] AndroidManifest.xml:25:22-76
25    <uses-permission android:name="com.google.android.finsky.permission.BIND_GET_INSTALL_REFERRER_SERVICE" />
25-->[com.google.android.gms:play-services-measurement:21.2.2] AndroidManifest.xml:26:5-110
25-->[com.google.android.gms:play-services-measurement:21.2.2] AndroidManifest.xml:26:22-107
26
27    <application
28        android:name="android.app.Application"
29        android:appComponentFactory="androidx.core.app.CoreComponentFactory"
29-->[androidx.core:core:1.8.0] AndroidManifest.xml:24:18-86
30        android:debuggable="true"
31        android:icon="@mipmap/ic_launcher"
32        android:label="chatapp_firebase" >
33        <activity
34            android:name="com.example.chatapp_firebase.MainActivity"
35            android:configChanges="orientation|keyboardHidden|keyboard|screenSize|smallestScreenSize|locale|layoutDirection|fontScale|screenLayout|density|uiMode"
36            android:exported="true"
37            android:hardwareAccelerated="true"
38            android:launchMode="singleTop"
39            android:theme="@style/LaunchTheme"
40            android:windowSoftInputMode="adjustResize" >
41
42            <!--
43                 Specifies an Android theme to apply to this Activity as soon as
44                 the Android process has started. This theme is visible to the user
45                 while the Flutter UI initializes. After that, this theme continues
46                 to determine the Window background behind the Flutter UI.
47            -->
48            <meta-data
49                android:name="io.flutter.embedding.android.NormalTheme"
50                android:resource="@style/NormalTheme" />
51
52            <intent-filter>
53                <action android:name="android.intent.action.MAIN" />
54
55                <category android:name="android.intent.category.LAUNCHER" />
56            </intent-filter>
57        </activity>
58        <!--
59             Don't delete the meta-data below.
60             This is used by the Flutter tool to generate GeneratedPluginRegistrant.java
61        -->
62        <meta-data
63            android:name="flutterEmbedding"
64            android:value="2" />
65
66        <service
66-->[:firebase_auth] AndroidManifest.xml:10:9-14:19
67            android:name="com.google.firebase.components.ComponentDiscoveryService"
67-->[:firebase_auth] AndroidManifest.xml:10:18-89
68            android:directBootAware="true"
68-->[com.google.firebase:firebase-common:20.3.2] AndroidManifest.xml:34:13-43
69            android:exported="false" >
69-->[com.google.firebase:firebase-auth:21.3.0] AndroidManifest.xml:68:13-37
70            <meta-data
70-->[:firebase_auth] AndroidManifest.xml:11:13-13:85
71                android:name="com.google.firebase.components:io.flutter.plugins.firebase.auth.FlutterFirebaseAuthRegistrar"
71-->[:firebase_auth] AndroidManifest.xml:12:17-124
72                android:value="com.google.firebase.components.ComponentRegistrar" />
72-->[:firebase_auth] AndroidManifest.xml:13:17-82
73            <meta-data
73-->[:firebase_storage] AndroidManifest.xml:11:13-13:85
74                android:name="com.google.firebase.components:io.flutter.plugins.firebase.storage.FlutterFirebaseAppRegistrar"
74-->[:firebase_storage] AndroidManifest.xml:12:17-126
75                android:value="com.google.firebase.components.ComponentRegistrar" />
75-->[:firebase_storage] AndroidManifest.xml:13:17-82
76            <meta-data
76-->[:cloud_firestore] AndroidManifest.xml:11:13-13:85
77                android:name="com.google.firebase.components:io.flutter.plugins.firebase.firestore.FlutterFirebaseFirestoreRegistrar"
77-->[:cloud_firestore] AndroidManifest.xml:12:17-134
78                android:value="com.google.firebase.components.ComponentRegistrar" />
78-->[:cloud_firestore] AndroidManifest.xml:13:17-82
79            <meta-data
79-->[:firebase_core] AndroidManifest.xml:11:13-13:85
80                android:name="com.google.firebase.components:io.flutter.plugins.firebase.core.FlutterFirebaseCoreRegistrar"
80-->[:firebase_core] AndroidManifest.xml:12:17-124
81                android:value="com.google.firebase.components.ComponentRegistrar" />
81-->[:firebase_core] AndroidManifest.xml:13:17-82
82            <meta-data
82-->[com.google.firebase:firebase-auth:21.3.0] AndroidManifest.xml:69:13-71:85
83                android:name="com.google.firebase.components:com.google.firebase.auth.FirebaseAuthRegistrar"
83-->[com.google.firebase:firebase-auth:21.3.0] AndroidManifest.xml:70:17-109
84                android:value="com.google.firebase.components.ComponentRegistrar" />
84-->[com.google.firebase:firebase-auth:21.3.0] AndroidManifest.xml:71:17-82
85            <meta-data
85-->[com.google.firebase:firebase-firestore:24.5.0] AndroidManifest.xml:19:13-21:85
86                android:name="com.google.firebase.components:com.google.firebase.firestore.FirestoreRegistrar"
86-->[com.google.firebase:firebase-firestore:24.5.0] AndroidManifest.xml:20:17-111
87                android:value="com.google.firebase.components.ComponentRegistrar" />
87-->[com.google.firebase:firebase-firestore:24.5.0] AndroidManifest.xml:21:17-82
88            <meta-data
88-->[com.google.firebase:firebase-storage:20.1.0] AndroidManifest.xml:32:13-34:85
89                android:name="com.google.firebase.components:com.google.firebase.storage.StorageRegistrar"
89-->[com.google.firebase:firebase-storage:20.1.0] AndroidManifest.xml:33:17-107
90                android:value="com.google.firebase.components.ComponentRegistrar" />
90-->[com.google.firebase:firebase-storage:20.1.0] AndroidManifest.xml:34:17-82
91            <meta-data
91-->[com.google.android.gms:play-services-measurement-api:21.2.2] AndroidManifest.xml:31:13-33:85
92                android:name="com.google.firebase.components:com.google.firebase.analytics.connector.internal.AnalyticsConnectorRegistrar"
92-->[com.google.android.gms:play-services-measurement-api:21.2.2] AndroidManifest.xml:32:17-139
93                android:value="com.google.firebase.components.ComponentRegistrar" />
93-->[com.google.android.gms:play-services-measurement-api:21.2.2] AndroidManifest.xml:33:17-82
94            <meta-data
94-->[com.google.firebase:firebase-installations:17.1.3] AndroidManifest.xml:17:13-19:85
95                android:name="com.google.firebase.components:com.google.firebase.installations.FirebaseInstallationsRegistrar"
95-->[com.google.firebase:firebase-installations:17.1.3] AndroidManifest.xml:18:17-127
96                android:value="com.google.firebase.components.ComponentRegistrar" />
96-->[com.google.firebase:firebase-installations:17.1.3] AndroidManifest.xml:19:17-82
97        </service>
98
99        <activity
99-->[com.google.firebase:firebase-auth:21.3.0] AndroidManifest.xml:29:9-46:20
100            android:name="com.google.firebase.auth.internal.GenericIdpActivity"
100-->[com.google.firebase:firebase-auth:21.3.0] AndroidManifest.xml:30:13-80
101            android:excludeFromRecents="true"
101-->[com.google.firebase:firebase-auth:21.3.0] AndroidManifest.xml:31:13-46
102            android:exported="true"
102-->[com.google.firebase:firebase-auth:21.3.0] AndroidManifest.xml:32:13-36
103            android:launchMode="singleTask"
103-->[com.google.firebase:firebase-auth:21.3.0] AndroidManifest.xml:33:13-44
104            android:theme="@android:style/Theme.Translucent.NoTitleBar" >
104-->[com.google.firebase:firebase-auth:21.3.0] AndroidManifest.xml:34:13-72
105            <intent-filter>
105-->[com.google.firebase:firebase-auth:21.3.0] AndroidManifest.xml:35:13-45:29
106                <action android:name="android.intent.action.VIEW" />
106-->[com.google.firebase:firebase-auth:21.3.0] AndroidManifest.xml:36:17-69
106-->[com.google.firebase:firebase-auth:21.3.0] AndroidManifest.xml:36:25-66
107
108                <category android:name="android.intent.category.DEFAULT" />
108-->[com.google.firebase:firebase-auth:21.3.0] AndroidManifest.xml:38:17-76
108-->[com.google.firebase:firebase-auth:21.3.0] AndroidManifest.xml:38:27-73
109                <category android:name="android.intent.category.BROWSABLE" />
109-->[com.google.firebase:firebase-auth:21.3.0] AndroidManifest.xml:39:17-78
109-->[com.google.firebase:firebase-auth:21.3.0] AndroidManifest.xml:39:27-75
110
111                <data
111-->[com.google.firebase:firebase-auth:21.3.0] AndroidManifest.xml:41:17-44:51
112                    android:host="firebase.auth"
112-->[com.google.firebase:firebase-auth:21.3.0] AndroidManifest.xml:42:21-49
113                    android:path="/"
113-->[com.google.firebase:firebase-auth:21.3.0] AndroidManifest.xml:43:21-37
114                    android:scheme="genericidp" />
114-->[com.google.firebase:firebase-auth:21.3.0] AndroidManifest.xml:44:21-48
115            </intent-filter>
116        </activity>
117        <activity
117-->[com.google.firebase:firebase-auth:21.3.0] AndroidManifest.xml:47:9-64:20
118            android:name="com.google.firebase.auth.internal.RecaptchaActivity"
118-->[com.google.firebase:firebase-auth:21.3.0] AndroidManifest.xml:48:13-79
119            android:excludeFromRecents="true"
119-->[com.google.firebase:firebase-auth:21.3.0] AndroidManifest.xml:49:13-46
120            android:exported="true"
120-->[com.google.firebase:firebase-auth:21.3.0] AndroidManifest.xml:50:13-36
121            android:launchMode="singleTask"
121-->[com.google.firebase:firebase-auth:21.3.0] AndroidManifest.xml:51:13-44
122            android:theme="@android:style/Theme.Translucent.NoTitleBar" >
122-->[com.google.firebase:firebase-auth:21.3.0] AndroidManifest.xml:52:13-72
123            <intent-filter>
123-->[com.google.firebase:firebase-auth:21.3.0] AndroidManifest.xml:53:13-63:29
124                <action android:name="android.intent.action.VIEW" />
124-->[com.google.firebase:firebase-auth:21.3.0] AndroidManifest.xml:36:17-69
124-->[com.google.firebase:firebase-auth:21.3.0] AndroidManifest.xml:36:25-66
125
126                <category android:name="android.intent.category.DEFAULT" />
126-->[com.google.firebase:firebase-auth:21.3.0] AndroidManifest.xml:38:17-76
126-->[com.google.firebase:firebase-auth:21.3.0] AndroidManifest.xml:38:27-73
127                <category android:name="android.intent.category.BROWSABLE" />
127-->[com.google.firebase:firebase-auth:21.3.0] AndroidManifest.xml:39:17-78
127-->[com.google.firebase:firebase-auth:21.3.0] AndroidManifest.xml:39:27-75
128
129                <data
129-->[com.google.firebase:firebase-auth:21.3.0] AndroidManifest.xml:41:17-44:51
130                    android:host="firebase.auth"
130-->[com.google.firebase:firebase-auth:21.3.0] AndroidManifest.xml:42:21-49
131                    android:path="/"
131-->[com.google.firebase:firebase-auth:21.3.0] AndroidManifest.xml:43:21-37
132                    android:scheme="recaptcha" />
132-->[com.google.firebase:firebase-auth:21.3.0] AndroidManifest.xml:44:21-48
133            </intent-filter>
134        </activity>
135
136        <uses-library
136-->[androidx.window:window:1.0.0-beta04] AndroidManifest.xml:25:9-27:40
137            android:name="androidx.window.extensions"
137-->[androidx.window:window:1.0.0-beta04] AndroidManifest.xml:26:13-54
138            android:required="false" />
138-->[androidx.window:window:1.0.0-beta04] AndroidManifest.xml:27:13-37
139        <uses-library
139-->[androidx.window:window:1.0.0-beta04] AndroidManifest.xml:28:9-30:40
140            android:name="androidx.window.sidecar"
140-->[androidx.window:window:1.0.0-beta04] AndroidManifest.xml:29:13-51
141            android:required="false" />
141-->[androidx.window:window:1.0.0-beta04] AndroidManifest.xml:30:13-37
142
143        <provider
143-->[com.google.firebase:firebase-common:20.3.2] AndroidManifest.xml:25:9-30:39
144            android:name="com.google.firebase.provider.FirebaseInitProvider"
144-->[com.google.firebase:firebase-common:20.3.2] AndroidManifest.xml:26:13-77
145            android:authorities="com.example.chatapp_firebase.firebaseinitprovider"
145-->[com.google.firebase:firebase-common:20.3.2] AndroidManifest.xml:27:13-72
146            android:directBootAware="true"
146-->[com.google.firebase:firebase-common:20.3.2] AndroidManifest.xml:28:13-43
147            android:exported="false"
147-->[com.google.firebase:firebase-common:20.3.2] AndroidManifest.xml:29:13-37
148            android:initOrder="100" />
148-->[com.google.firebase:firebase-common:20.3.2] AndroidManifest.xml:30:13-36
149
150        <receiver
150-->[com.google.android.gms:play-services-measurement:21.2.2] AndroidManifest.xml:29:9-33:20
151            android:name="com.google.android.gms.measurement.AppMeasurementReceiver"
151-->[com.google.android.gms:play-services-measurement:21.2.2] AndroidManifest.xml:30:13-85
152            android:enabled="true"
152-->[com.google.android.gms:play-services-measurement:21.2.2] AndroidManifest.xml:31:13-35
153            android:exported="false" >
153-->[com.google.android.gms:play-services-measurement:21.2.2] AndroidManifest.xml:32:13-37
154        </receiver>
155
156        <service
156-->[com.google.android.gms:play-services-measurement:21.2.2] AndroidManifest.xml:35:9-38:40
157            android:name="com.google.android.gms.measurement.AppMeasurementService"
157-->[com.google.android.gms:play-services-measurement:21.2.2] AndroidManifest.xml:36:13-84
158            android:enabled="true"
158-->[com.google.android.gms:play-services-measurement:21.2.2] AndroidManifest.xml:37:13-35
159            android:exported="false" />
159-->[com.google.android.gms:play-services-measurement:21.2.2] AndroidManifest.xml:38:13-37
160        <service
160-->[com.google.android.gms:play-services-measurement:21.2.2] AndroidManifest.xml:39:9-43:72
161            android:name="com.google.android.gms.measurement.AppMeasurementJobService"
161-->[com.google.android.gms:play-services-measurement:21.2.2] AndroidManifest.xml:40:13-87
162            android:enabled="true"
162-->[com.google.android.gms:play-services-measurement:21.2.2] AndroidManifest.xml:41:13-35
163            android:exported="false"
163-->[com.google.android.gms:play-services-measurement:21.2.2] AndroidManifest.xml:42:13-37
164            android:permission="android.permission.BIND_JOB_SERVICE" />
164-->[com.google.android.gms:play-services-measurement:21.2.2] AndroidManifest.xml:43:13-69
165
166        <activity
166-->[com.google.android.gms:play-services-base:18.0.1] AndroidManifest.xml:20:9-22:45
167            android:name="com.google.android.gms.common.api.GoogleApiActivity"
167-->[com.google.android.gms:play-services-base:18.0.1] AndroidManifest.xml:20:19-85
168            android:exported="false"
168-->[com.google.android.gms:play-services-base:18.0.1] AndroidManifest.xml:22:19-43
169            android:theme="@android:style/Theme.Translucent.NoTitleBar" />
169-->[com.google.android.gms:play-services-base:18.0.1] AndroidManifest.xml:21:19-78
170
171        <meta-data
171-->[com.google.android.gms:play-services-basement:18.1.0] AndroidManifest.xml:21:9-23:69
172            android:name="com.google.android.gms.version"
172-->[com.google.android.gms:play-services-basement:18.1.0] AndroidManifest.xml:22:13-58
173            android:value="@integer/google_play_services_version" />
173-->[com.google.android.gms:play-services-basement:18.1.0] AndroidManifest.xml:23:13-66
174    </application>
175
176</manifest>